[2014-11-04 00:53:33,879][DEBUG][action.search.type       ] [Nicole St. Croix] [kodemonkey][3], node[wdSCyCGbQ0q3Rk-N8VP1ZA], [P], s[STARTED]: Failed to execute [org.elasticsearch.action.search.SearchRequest@27c90d11] lastShard [true]
org.elasticsearch.search.SearchParseException: [kodemonkey][3]: from[-1],size[-1]: Parse Failure [Failed to parse source [{"query":{"query_string":{}}}]]
	at org.elasticsearch.search.SearchService.parseSource(SearchService.java:660)
	at org.elasticsearch.search.SearchService.createContext(SearchService.java:516)
	at org.elasticsearch.search.SearchService.createAndPutContext(SearchService.java:488)
	at org.elasticsearch.search.SearchService.executeQueryPhase(SearchService.java:257)
	at org.elasticsearch.search.action.SearchServiceTransportAction$5.call(SearchServiceTransportAction.java:206)
	at org.elasticsearch.search.action.SearchServiceTransportAction$5.call(SearchServiceTransportAction.java:203)
	at org.elasticsearch.search.action.SearchServiceTransportAction$23.run(SearchServiceTransportAction.java:517)
	at java.util.concurrent.ThreadPoolExecutor.runWorker(ThreadPoolExecutor.java:1145)
	at java.util.concurrent.ThreadPoolExecutor$Worker.run(ThreadPoolExecutor.java:615)
	at java.lang.Thread.run(Thread.java:745)
Caused by: org.elasticsearch.index.query.QueryParsingException: [kodemonkey] query_string must be provided with a [query]
	at org.elasticsearch.index.query.QueryStringQueryParser.parse(QueryStringQueryParser.java:202)
	at org.elasticsearch.index.query.QueryParseContext.parseInnerQuery(QueryParseContext.java:239)
	at org.elasticsearch.index.query.IndexQueryParserService.innerParse(IndexQueryParserService.java:342)
	at org.elasticsearch.index.query.IndexQueryParserService.parse(IndexQueryParserService.java:268)
	at org.elasticsearch.index.query.IndexQueryParserService.parse(IndexQueryParserService.java:263)
	at org.elasticsearch.search.query.QueryParseElement.parse(QueryParseElement.java:33)
	at org.elasticsearch.search.SearchService.parseSource(SearchService.java:644)
	... 9 more
[2014-11-04 00:53:33,879][DEBUG][action.search.type       ] [Nicole St. Croix] [kodemonkey][0], node[wdSCyCGbQ0q3Rk-N8VP1ZA], [P], s[STARTED]: Failed to execute [org.elasticsearch.action.search.SearchRequest@27c90d11] lastShard [true]
org.elasticsearch.search.SearchParseException: [kodemonkey][0]: from[-1],size[-1]: Parse Failure [Failed to parse source [{"query":{"query_string":{}}}]]
	at org.elasticsearch.search.SearchService.parseSource(SearchService.java:660)
	at org.elasticsearch.search.SearchService.createContext(SearchService.java:516)
	at org.elasticsearch.search.SearchService.createAndPutContext(SearchService.java:488)
	at org.elasticsearch.search.SearchService.executeQueryPhase(SearchService.java:257)
	at org.elasticsearch.search.action.SearchServiceTransportAction$5.call(SearchServiceTransportAction.java:206)
	at org.elasticsearch.search.action.SearchServiceTransportAction$5.call(SearchServiceTransportAction.java:203)
	at org.elasticsearch.search.action.SearchServiceTransportAction$23.run(SearchServiceTransportAction.java:517)
	at java.util.concurrent.ThreadPoolExecutor.runWorker(ThreadPoolExecutor.java:1145)
	at java.util.concurrent.ThreadPoolExecutor$Worker.run(ThreadPoolExecutor.java:615)
	at java.lang.Thread.run(Thread.java:745)
Caused by: org.elasticsearch.index.query.QueryParsingException: [kodemonkey] query_string must be provided with a [query]
	at org.elasticsearch.index.query.QueryStringQueryParser.parse(QueryStringQueryParser.java:202)
	at org.elasticsearch.index.query.QueryParseContext.parseInnerQuery(QueryParseContext.java:239)
	at org.elasticsearch.index.query.IndexQueryParserService.innerParse(IndexQueryParserService.java:342)
	at org.elasticsearch.index.query.IndexQueryParserService.parse(IndexQueryParserService.java:268)
	at org.elasticsearch.index.query.IndexQueryParserService.parse(IndexQueryParserService.java:263)
	at org.elasticsearch.search.query.QueryParseElement.parse(QueryParseElement.java:33)
	at org.elasticsearch.search.SearchService.parseSource(SearchService.java:644)
	... 9 more
[2014-11-04 00:53:33,879][DEBUG][action.search.type       ] [Nicole St. Croix] [kodemonkey][1], node[wdSCyCGbQ0q3Rk-N8VP1ZA], [P], s[STARTED]: Failed to execute [org.elasticsearch.action.search.SearchRequest@27c90d11]
org.elasticsearch.search.SearchParseException: [kodemonkey][1]: from[-1],size[-1]: Parse Failure [Failed to parse source [{"query":{"query_string":{}}}]]
	at org.elasticsearch.search.SearchService.parseSource(SearchService.java:660)
	at org.elasticsearch.search.SearchService.createContext(SearchService.java:516)
	at org.elasticsearch.search.SearchService.createAndPutContext(SearchService.java:488)
	at org.elasticsearch.search.SearchService.executeQueryPhase(SearchService.java:257)
	at org.elasticsearch.search.action.SearchServiceTransportAction$5.call(SearchServiceTransportAction.java:206)
	at org.elasticsearch.search.action.SearchServiceTransportAction$5.call(SearchServiceTransportAction.java:203)
	at org.elasticsearch.search.action.SearchServiceTransportAction$23.run(SearchServiceTransportAction.java:517)
	at java.util.concurrent.ThreadPoolExecutor.runWorker(ThreadPoolExecutor.java:1145)
	at java.util.concurrent.ThreadPoolExecutor$Worker.run(ThreadPoolExecutor.java:615)
	at java.lang.Thread.run(Thread.java:745)
Caused by: org.elasticsearch.index.query.QueryParsingException: [kodemonkey] query_string must be provided with a [query]
	at org.elasticsearch.index.query.QueryStringQueryParser.parse(QueryStringQueryParser.java:202)
	at org.elasticsearch.index.query.QueryParseContext.parseInnerQuery(QueryParseContext.java:239)
	at org.elasticsearch.index.query.IndexQueryParserService.innerParse(IndexQueryParserService.java:342)
	at org.elasticsearch.index.query.IndexQueryParserService.parse(IndexQueryParserService.java:268)
	at org.elasticsearch.index.query.IndexQueryParserService.parse(IndexQueryParserService.java:263)
	at org.elasticsearch.search.query.QueryParseElement.parse(QueryParseElement.java:33)
	at org.elasticsearch.search.SearchService.parseSource(SearchService.java:644)
	... 9 more
[2014-11-04 00:53:33,879][DEBUG][action.search.type       ] [Nicole St. Croix] [kodemonkey][4], node[wdSCyCGbQ0q3Rk-N8VP1ZA], [P], s[STARTED]: Failed to execute [org.elasticsearch.action.search.SearchRequest@27c90d11] lastShard [true]
org.elasticsearch.search.SearchParseException: [kodemonkey][4]: from[-1],size[-1]: Parse Failure [Failed to parse source [{"query":{"query_string":{}}}]]
	at org.elasticsearch.search.SearchService.parseSource(SearchService.java:660)
	at org.elasticsearch.search.SearchService.createContext(SearchService.java:516)
	at org.elasticsearch.search.SearchService.createAndPutContext(SearchService.java:488)
	at org.elasticsearch.search.SearchService.executeQueryPhase(SearchService.java:257)
	at org.elasticsearch.search.action.SearchServiceTransportAction$5.call(SearchServiceTransportAction.java:206)
	at org.elasticsearch.search.action.SearchServiceTransportAction$5.call(SearchServiceTransportAction.java:203)
	at org.elasticsearch.search.action.SearchServiceTransportAction$23.run(SearchServiceTransportAction.java:517)
	at java.util.concurrent.ThreadPoolExecutor.runWorker(ThreadPoolExecutor.java:1145)
	at java.util.concurrent.ThreadPoolExecutor$Worker.run(ThreadPoolExecutor.java:615)
	at java.lang.Thread.run(Thread.java:745)
Caused by: org.elasticsearch.index.query.QueryParsingException: [kodemonkey] query_string must be provided with a [query]
	at org.elasticsearch.index.query.QueryStringQueryParser.parse(QueryStringQueryParser.java:202)
	at org.elasticsearch.index.query.QueryParseContext.parseInnerQuery(QueryParseContext.java:239)
	at org.elasticsearch.index.query.IndexQueryParserService.innerParse(IndexQueryParserService.java:342)
	at org.elasticsearch.index.query.IndexQueryParserService.parse(IndexQueryParserService.java:268)
	at org.elasticsearch.index.query.IndexQueryParserService.parse(IndexQueryParserService.java:263)
	at org.elasticsearch.search.query.QueryParseElement.parse(QueryParseElement.java:33)
	at org.elasticsearch.search.SearchService.parseSource(SearchService.java:644)
	... 9 more
[2014-11-04 00:53:33,879][DEBUG][action.search.type       ] [Nicole St. Croix] [kodemonkey][2], node[wdSCyCGbQ0q3Rk-N8VP1ZA], [P], s[STARTED]: Failed to execute [org.elasticsearch.action.search.SearchRequest@27c90d11] lastShard [true]
org.elasticsearch.search.SearchParseException: [kodemonkey][2]: from[-1],size[-1]: Parse Failure [Failed to parse source [{"query":{"query_string":{}}}]]
	at org.elasticsearch.search.SearchService.parseSource(SearchService.java:660)
	at org.elasticsearch.search.SearchService.createContext(SearchService.java:516)
	at org.elasticsearch.search.SearchService.createAndPutContext(SearchService.java:488)
	at org.elasticsearch.search.SearchService.executeQueryPhase(SearchService.java:257)
	at org.elasticsearch.search.action.SearchServiceTransportAction$5.call(SearchServiceTransportAction.java:206)
	at org.elasticsearch.search.action.SearchServiceTransportAction$5.call(SearchServiceTransportAction.java:203)
	at org.elasticsearch.search.action.SearchServiceTransportAction$23.run(SearchServiceTransportAction.java:517)
	at java.util.concurrent.ThreadPoolExecutor.runWorker(ThreadPoolExecutor.java:1145)
	at java.util.concurrent.ThreadPoolExecutor$Worker.run(ThreadPoolExecutor.java:615)
	at java.lang.Thread.run(Thread.java:745)
Caused by: org.elasticsearch.index.query.QueryParsingException: [kodemonkey] query_string must be provided with a [query]
	at org.elasticsearch.index.query.QueryStringQueryParser.parse(QueryStringQueryParser.java:202)
	at org.elasticsearch.index.query.QueryParseContext.parseInnerQuery(QueryParseContext.java:239)
	at org.elasticsearch.index.query.IndexQueryParserService.innerParse(IndexQueryParserService.java:342)
	at org.elasticsearch.index.query.IndexQueryParserService.parse(IndexQueryParserService.java:268)
	at org.elasticsearch.index.query.IndexQueryParserService.parse(IndexQueryParserService.java:263)
	at org.elasticsearch.search.query.QueryParseElement.parse(QueryParseElement.java:33)
	at org.elasticsearch.search.SearchService.parseSource(SearchService.java:644)
	... 9 more
[2014-11-04 00:53:33,881][DEBUG][action.search.type       ] [Nicole St. Croix] All shards failed for phase: [query]
[2014-11-04 01:27:30,112][INFO ][node                     ] [Nicole St. Croix] stopping ...
[2014-11-04 01:27:30,213][INFO ][node                     ] [Nicole St. Croix] stopped
[2014-11-04 01:27:30,214][INFO ][node                     ] [Nicole St. Croix] closing ...
[2014-11-04 01:27:30,224][INFO ][node                     ] [Nicole St. Croix] closed
[2014-11-04 01:27:54,375][INFO ][node                     ] [Fred Myers] version[1.3.4], pid[24323], build[a70f3cc/2014-09-30T09:07:17Z]
[2014-11-04 01:27:54,376][INFO ][node                     ] [Fred Myers] initializing ...
[2014-11-04 01:27:54,379][INFO ][plugins                  ] [Fred Myers] loaded [], sites []
[2014-11-04 01:27:56,244][INFO ][node                     ] [Fred Myers] initialized
[2014-11-04 01:27:56,244][INFO ][node                     ] [Fred Myers] starting ...
[2014-11-04 01:27:56,321][INFO ][transport                ] [Fred Myers] bound_address {inet[/0:0:0:0:0:0:0:0:9300]}, publish_address {inet[/192.168.1.123:9300]}
[2014-11-04 01:27:56,331][INFO ][discovery                ] [Fred Myers] elasticsearch/nwtrHlfSR-ywJXz6b1KYFQ
[2014-11-04 01:27:59,344][INFO ][cluster.service          ] [Fred Myers] new_master [Fred Myers][nwtrHlfSR-ywJXz6b1KYFQ][marino-TMS][inet[/192.168.1.123:9300]], reason: zen-disco-join (elected_as_master)
[2014-11-04 01:27:59,369][INFO ][http                     ] [Fred Myers] bound_address {inet[/0:0:0:0:0:0:0:0:9200]}, publish_address {inet[/192.168.1.123:9200]}
[2014-11-04 01:27:59,370][INFO ][node                     ] [Fred Myers] started
[2014-11-04 01:27:59,767][INFO ][gateway                  ] [Fred Myers] recovered [2] indices into cluster_state
[2014-11-04 01:30:42,464][INFO ][node                     ] [Fred Myers] stopping ...
[2014-11-04 01:30:42,493][INFO ][node                     ] [Fred Myers] stopped
[2014-11-04 01:30:42,494][INFO ][node                     ] [Fred Myers] closing ...
[2014-11-04 01:30:42,497][INFO ][node                     ] [Fred Myers] closed
[2014-11-04 01:32:16,565][INFO ][node                     ] [Miss America] version[1.3.4], pid[24592], build[a70f3cc/2014-09-30T09:07:17Z]
[2014-11-04 01:32:16,565][INFO ][node                     ] [Miss America] initializing ...
[2014-11-04 01:32:16,568][INFO ][plugins                  ] [Miss America] loaded [], sites []
[2014-11-04 01:32:18,465][INFO ][node                     ] [Miss America] initialized
[2014-11-04 01:32:18,465][INFO ][node                     ] [Miss America] starting ...
[2014-11-04 01:32:18,546][INFO ][transport                ] [Miss America] bound_address {inet[/0:0:0:0:0:0:0:0:9300]}, publish_address {inet[/192.168.1.123:9300]}
[2014-11-04 01:32:18,558][INFO ][discovery                ] [Miss America] elasticsearch/2_KDQwb-QSGc-Qzbw6R0og
[2014-11-04 01:32:21,573][INFO ][cluster.service          ] [Miss America] new_master [Miss America][2_KDQwb-QSGc-Qzbw6R0og][marino-TMS][inet[/192.168.1.123:9300]], reason: zen-disco-join (elected_as_master)
[2014-11-04 01:32:21,601][INFO ][http                     ] [Miss America] bound_address {inet[/0:0:0:0:0:0:0:0:9200]}, publish_address {inet[/192.168.1.123:9200]}
[2014-11-04 01:32:21,602][INFO ][node                     ] [Miss America] started
[2014-11-04 01:32:22,013][INFO ][gateway                  ] [Miss America] recovered [2] indices into cluster_state
[2014-11-04 02:22:31,652][DEBUG][action.search.type       ] [Miss America] [kodemonkey][3], node[2_KDQwb-QSGc-Qzbw6R0og], [P], s[STARTED]: Failed to execute [org.elasticsearch.action.search.SearchRequest@6203f784] lastShard [true]
org.elasticsearch.search.SearchParseException: [kodemonkey][3]: from[-1],size[-1]: Parse Failure [Failed to parse source [{"query":{"filtered":{"query":{"query_string":{}},"filter":{"range":{"timestamp":{"gte":"2014-11-02T01:46:19+00:00","lt":"2014-11-02T01:46:19+00:00"}}}}}}]]
	at org.elasticsearch.search.SearchService.parseSource(SearchService.java:660)
	at org.elasticsearch.search.SearchService.createContext(SearchService.java:516)
	at org.elasticsearch.search.SearchService.createAndPutContext(SearchService.java:488)
	at org.elasticsearch.search.SearchService.executeQueryPhase(SearchService.java:257)
	at org.elasticsearch.search.action.SearchServiceTransportAction$5.call(SearchServiceTransportAction.java:206)
	at org.elasticsearch.search.action.SearchServiceTransportAction$5.call(SearchServiceTransportAction.java:203)
	at org.elasticsearch.search.action.SearchServiceTransportAction$23.run(SearchServiceTransportAction.java:517)
	at java.util.concurrent.ThreadPoolExecutor.runWorker(ThreadPoolExecutor.java:1145)
	at java.util.concurrent.ThreadPoolExecutor$Worker.run(ThreadPoolExecutor.java:615)
	at java.lang.Thread.run(Thread.java:745)
Caused by: org.elasticsearch.index.query.QueryParsingException: [kodemonkey] query_string must be provided with a [query]
	at org.elasticsearch.index.query.QueryStringQueryParser.parse(QueryStringQueryParser.java:202)
	at org.elasticsearch.index.query.QueryParseContext.parseInnerQuery(QueryParseContext.java:239)
	at org.elasticsearch.index.query.FilteredQueryParser.parse(FilteredQueryParser.java:71)
	at org.elasticsearch.index.query.QueryParseContext.parseInnerQuery(QueryParseContext.java:239)
	at org.elasticsearch.index.query.IndexQueryParserService.innerParse(IndexQueryParserService.java:342)
	at org.elasticsearch.index.query.IndexQueryParserService.parse(IndexQueryParserService.java:268)
	at org.elasticsearch.index.query.IndexQueryParserService.parse(IndexQueryParserService.java:263)
	at org.elasticsearch.search.query.QueryParseElement.parse(QueryParseElement.java:33)
	at org.elasticsearch.search.SearchService.parseSource(SearchService.java:644)
	... 9 more
[2014-11-04 02:22:31,652][DEBUG][action.search.type       ] [Miss America] [kodemonkey][1], node[2_KDQwb-QSGc-Qzbw6R0og], [P], s[STARTED]: Failed to execute [org.elasticsearch.action.search.SearchRequest@6203f784]
org.elasticsearch.search.SearchParseException: [kodemonkey][1]: from[-1],size[-1]: Parse Failure [Failed to parse source [{"query":{"filtered":{"query":{"query_string":{}},"filter":{"range":{"timestamp":{"gte":"2014-11-02T01:46:19+00:00","lt":"2014-11-02T01:46:19+00:00"}}}}}}]]
	at org.elasticsearch.search.SearchService.parseSource(SearchService.java:660)
	at org.elasticsearch.search.SearchService.createContext(SearchService.java:516)
	at org.elasticsearch.search.SearchService.createAndPutContext(SearchService.java:488)
	at org.elasticsearch.search.SearchService.executeQueryPhase(SearchService.java:257)
	at org.elasticsearch.search.action.SearchServiceTransportAction$5.call(SearchServiceTransportAction.java:206)
	at org.elasticsearch.search.action.SearchServiceTransportAction$5.call(SearchServiceTransportAction.java:203)
	at org.elasticsearch.search.action.SearchServiceTransportAction$23.run(SearchServiceTransportAction.java:517)
	at java.util.concurrent.ThreadPoolExecutor.runWorker(ThreadPoolExecutor.java:1145)
	at java.util.concurrent.ThreadPoolExecutor$Worker.run(ThreadPoolExecutor.java:615)
	at java.lang.Thread.run(Thread.java:745)
Caused by: org.elasticsearch.index.query.QueryParsingException: [kodemonkey] query_string must be provided with a [query]
	at org.elasticsearch.index.query.QueryStringQueryParser.parse(QueryStringQueryParser.java:202)
	at org.elasticsearch.index.query.QueryParseContext.parseInnerQuery(QueryParseContext.java:239)
	at org.elasticsearch.index.query.FilteredQueryParser.parse(FilteredQueryParser.java:71)
	at org.elasticsearch.index.query.QueryParseContext.parseInnerQuery(QueryParseContext.java:239)
	at org.elasticsearch.index.query.IndexQueryParserService.innerParse(IndexQueryParserService.java:342)
	at org.elasticsearch.index.query.IndexQueryParserService.parse(IndexQueryParserService.java:268)
	at org.elasticsearch.index.query.IndexQueryParserService.parse(IndexQueryParserService.java:263)
	at org.elasticsearch.search.query.QueryParseElement.parse(QueryParseElement.java:33)
	at org.elasticsearch.search.SearchService.parseSource(SearchService.java:644)
	... 9 more
[2014-11-04 02:22:31,652][DEBUG][action.search.type       ] [Miss America] [kodemonkey][0], node[2_KDQwb-QSGc-Qzbw6R0og], [P], s[STARTED]: Failed to execute [org.elasticsearch.action.search.SearchRequest@6203f784] lastShard [true]
org.elasticsearch.search.SearchParseException: [kodemonkey][0]: from[-1],size[-1]: Parse Failure [Failed to parse source [{"query":{"filtered":{"query":{"query_string":{}},"filter":{"range":{"timestamp":{"gte":"2014-11-02T01:46:19+00:00","lt":"2014-11-02T01:46:19+00:00"}}}}}}]]
	at org.elasticsearch.search.SearchService.parseSource(SearchService.java:660)
	at org.elasticsearch.search.SearchService.createContext(SearchService.java:516)
	at org.elasticsearch.search.SearchService.createAndPutContext(SearchService.java:488)
	at org.elasticsearch.search.SearchService.executeQueryPhase(SearchService.java:257)
	at org.elasticsearch.search.action.SearchServiceTransportAction$5.call(SearchServiceTransportAction.java:206)
	at org.elasticsearch.search.action.SearchServiceTransportAction$5.call(SearchServiceTransportAction.java:203)
	at org.elasticsearch.search.action.SearchServiceTransportAction$23.run(SearchServiceTransportAction.java:517)
	at java.util.concurrent.ThreadPoolExecutor.runWorker(ThreadPoolExecutor.java:1145)
	at java.util.concurrent.ThreadPoolExecutor$Worker.run(ThreadPoolExecutor.java:615)
	at java.lang.Thread.run(Thread.java:745)
Caused by: org.elasticsearch.index.query.QueryParsingException: [kodemonkey] query_string must be provided with a [query]
	at org.elasticsearch.index.query.QueryStringQueryParser.parse(QueryStringQueryParser.java:202)
	at org.elasticsearch.index.query.QueryParseContext.parseInnerQuery(QueryParseContext.java:239)
	at org.elasticsearch.index.query.FilteredQueryParser.parse(FilteredQueryParser.java:71)
	at org.elasticsearch.index.query.QueryParseContext.parseInnerQuery(QueryParseContext.java:239)
	at org.elasticsearch.index.query.IndexQueryParserService.innerParse(IndexQueryParserService.java:342)
	at org.elasticsearch.index.query.IndexQueryParserService.parse(IndexQueryParserService.java:268)
	at org.elasticsearch.index.query.IndexQueryParserService.parse(IndexQueryParserService.java:263)
	at org.elasticsearch.search.query.QueryParseElement.parse(QueryParseElement.java:33)
	at org.elasticsearch.search.SearchService.parseSource(SearchService.java:644)
	... 9 more
[2014-11-04 02:22:31,652][DEBUG][action.search.type       ] [Miss America] [kodemonkey][2], node[2_KDQwb-QSGc-Qzbw6R0og], [P], s[STARTED]: Failed to execute [org.elasticsearch.action.search.SearchRequest@6203f784] lastShard [true]
org.elasticsearch.search.SearchParseException: [kodemonkey][2]: from[-1],size[-1]: Parse Failure [Failed to parse source [{"query":{"filtered":{"query":{"query_string":{}},"filter":{"range":{"timestamp":{"gte":"2014-11-02T01:46:19+00:00","lt":"2014-11-02T01:46:19+00:00"}}}}}}]]
	at org.elasticsearch.search.SearchService.parseSource(SearchService.java:660)
	at org.elasticsearch.search.SearchService.createContext(SearchService.java:516)
	at org.elasticsearch.search.SearchService.createAndPutContext(SearchService.java:488)
	at org.elasticsearch.search.SearchService.executeQueryPhase(SearchService.java:257)
	at org.elasticsearch.search.action.SearchServiceTransportAction$5.call(SearchServiceTransportAction.java:206)
	at org.elasticsearch.search.action.SearchServiceTransportAction$5.call(SearchServiceTransportAction.java:203)
	at org.elasticsearch.search.action.SearchServiceTransportAction$23.run(SearchServiceTransportAction.java:517)
	at java.util.concurrent.ThreadPoolExecutor.runWorker(ThreadPoolExecutor.java:1145)
	at java.util.concurrent.ThreadPoolExecutor$Worker.run(ThreadPoolExecutor.java:615)
	at java.lang.Thread.run(Thread.java:745)
Caused by: org.elasticsearch.index.query.QueryParsingException: [kodemonkey] query_string must be provided with a [query]
	at org.elasticsearch.index.query.QueryStringQueryParser.parse(QueryStringQueryParser.java:202)
	at org.elasticsearch.index.query.QueryParseContext.parseInnerQuery(QueryParseContext.java:239)
	at org.elasticsearch.index.query.FilteredQueryParser.parse(FilteredQueryParser.java:71)
	at org.elasticsearch.index.query.QueryParseContext.parseInnerQuery(QueryParseContext.java:239)
	at org.elasticsearch.index.query.IndexQueryParserService.innerParse(IndexQueryParserService.java:342)
	at org.elasticsearch.index.query.IndexQueryParserService.parse(IndexQueryParserService.java:268)
	at org.elasticsearch.index.query.IndexQueryParserService.parse(IndexQueryParserService.java:263)
	at org.elasticsearch.search.query.QueryParseElement.parse(QueryParseElement.java:33)
	at org.elasticsearch.search.SearchService.parseSource(SearchService.java:644)
	... 9 more
[2014-11-04 02:22:31,652][DEBUG][action.search.type       ] [Miss America] [kodemonkey][4], node[2_KDQwb-QSGc-Qzbw6R0og], [P], s[STARTED]: Failed to execute [org.elasticsearch.action.search.SearchRequest@6203f784] lastShard [true]
org.elasticsearch.search.SearchParseException: [kodemonkey][4]: from[-1],size[-1]: Parse Failure [Failed to parse source [{"query":{"filtered":{"query":{"query_string":{}},"filter":{"range":{"timestamp":{"gte":"2014-11-02T01:46:19+00:00","lt":"2014-11-02T01:46:19+00:00"}}}}}}]]
	at org.elasticsearch.search.SearchService.parseSource(SearchService.java:660)
	at org.elasticsearch.search.SearchService.createContext(SearchService.java:516)
	at org.elasticsearch.search.SearchService.createAndPutContext(SearchService.java:488)
	at org.elasticsearch.search.SearchService.executeQueryPhase(SearchService.java:257)
	at org.elasticsearch.search.action.SearchServiceTransportAction$5.call(SearchServiceTransportAction.java:206)
	at org.elasticsearch.search.action.SearchServiceTransportAction$5.call(SearchServiceTransportAction.java:203)
	at org.elasticsearch.search.action.SearchServiceTransportAction$23.run(SearchServiceTransportAction.java:517)
	at java.util.concurrent.ThreadPoolExecutor.runWorker(ThreadPoolExecutor.java:1145)
	at java.util.concurrent.ThreadPoolExecutor$Worker.run(ThreadPoolExecutor.java:615)
	at java.lang.Thread.run(Thread.java:745)
Caused by: org.elasticsearch.index.query.QueryParsingException: [kodemonkey] query_string must be provided with a [query]
	at org.elasticsearch.index.query.QueryStringQueryParser.parse(QueryStringQueryParser.java:202)
	at org.elasticsearch.index.query.QueryParseContext.parseInnerQuery(QueryParseContext.java:239)
	at org.elasticsearch.index.query.FilteredQueryParser.parse(FilteredQueryParser.java:71)
	at org.elasticsearch.index.query.QueryParseContext.parseInnerQuery(QueryParseContext.java:239)
	at org.elasticsearch.index.query.IndexQueryParserService.innerParse(IndexQueryParserService.java:342)
	at org.elasticsearch.index.query.IndexQueryParserService.parse(IndexQueryParserService.java:268)
	at org.elasticsearch.index.query.IndexQueryParserService.parse(IndexQueryParserService.java:263)
	at org.elasticsearch.search.query.QueryParseElement.parse(QueryParseElement.java:33)
	at org.elasticsearch.search.SearchService.parseSource(SearchService.java:644)
	... 9 more
[2014-11-04 02:22:31,654][DEBUG][action.search.type       ] [Miss America] All shards failed for phase: [query]
[2014-11-04 02:35:19,158][INFO ][node                     ] [Miss America] stopping ...
[2014-11-04 02:35:19,219][INFO ][node                     ] [Miss America] stopped
[2014-11-04 02:35:19,219][INFO ][node                     ] [Miss America] closing ...
[2014-11-04 02:35:19,222][INFO ][node                     ] [Miss America] closed
[2014-11-04 02:35:21,939][INFO ][node                     ] [Gailyn Bailey] version[1.3.4], pid[27444], build[a70f3cc/2014-09-30T09:07:17Z]
[2014-11-04 02:35:21,939][INFO ][node                     ] [Gailyn Bailey] initializing ...
[2014-11-04 02:35:21,942][INFO ][plugins                  ] [Gailyn Bailey] loaded [], sites []
[2014-11-04 02:35:23,852][INFO ][node                     ] [Gailyn Bailey] initialized
[2014-11-04 02:35:23,853][INFO ][node                     ] [Gailyn Bailey] starting ...
[2014-11-04 02:35:23,930][INFO ][transport                ] [Gailyn Bailey] bound_address {inet[/0:0:0:0:0:0:0:0:9300]}, publish_address {inet[/192.168.1.123:9300]}
[2014-11-04 02:35:23,940][INFO ][discovery                ] [Gailyn Bailey] elasticsearch/IG79TtSYQt2Zj1TnaT9J9w
[2014-11-04 02:35:26,948][INFO ][cluster.service          ] [Gailyn Bailey] new_master [Gailyn Bailey][IG79TtSYQt2Zj1TnaT9J9w][marino-TMS][inet[/192.168.1.123:9300]], reason: zen-disco-join (elected_as_master)
[2014-11-04 02:35:26,976][INFO ][http                     ] [Gailyn Bailey] bound_address {inet[/0:0:0:0:0:0:0:0:9200]}, publish_address {inet[/192.168.1.123:9200]}
[2014-11-04 02:35:26,977][INFO ][node                     ] [Gailyn Bailey] started
[2014-11-04 02:35:27,426][INFO ][gateway                  ] [Gailyn Bailey] recovered [2] indices into cluster_state
[2014-11-04 03:45:23,038][INFO ][node                     ] [Gailyn Bailey] stopping ...
[2014-11-04 03:45:23,094][INFO ][node                     ] [Gailyn Bailey] stopped
[2014-11-04 03:45:23,094][INFO ][node                     ] [Gailyn Bailey] closing ...
[2014-11-04 03:45:23,097][INFO ][node                     ] [Gailyn Bailey] closed
[2014-11-04 03:46:04,786][INFO ][node                     ] [Miguel O'Hara] version[1.3.4], pid[31044], build[a70f3cc/2014-09-30T09:07:17Z]
[2014-11-04 03:46:04,786][INFO ][node                     ] [Miguel O'Hara] initializing ...
[2014-11-04 03:46:04,789][INFO ][plugins                  ] [Miguel O'Hara] loaded [], sites []
[2014-11-04 03:46:06,785][INFO ][node                     ] [Miguel O'Hara] initialized
[2014-11-04 03:46:06,786][INFO ][node                     ] [Miguel O'Hara] starting ...
[2014-11-04 03:46:06,865][INFO ][transport                ] [Miguel O'Hara] bound_address {inet[/0:0:0:0:0:0:0:0:9300]}, publish_address {inet[/192.168.1.123:9300]}
[2014-11-04 03:46:06,875][INFO ][discovery                ] [Miguel O'Hara] elasticsearch/K-KHjajZSQquu0RZG9LieA
[2014-11-04 03:46:09,889][INFO ][cluster.service          ] [Miguel O'Hara] new_master [Miguel O'Hara][K-KHjajZSQquu0RZG9LieA][marino-TMS][inet[/192.168.1.123:9300]], reason: zen-disco-join (elected_as_master)
[2014-11-04 03:46:09,908][INFO ][http                     ] [Miguel O'Hara] bound_address {inet[/0:0:0:0:0:0:0:0:9200]}, publish_address {inet[/192.168.1.123:9200]}
[2014-11-04 03:46:09,908][INFO ][node                     ] [Miguel O'Hara] started
[2014-11-04 03:46:10,305][INFO ][gateway                  ] [Miguel O'Hara] recovered [2] indices into cluster_state
[2014-11-04 03:46:39,724][INFO ][node                     ] [Miguel O'Hara] stopping ...
[2014-11-04 03:46:39,800][INFO ][node                     ] [Miguel O'Hara] stopped
[2014-11-04 03:46:39,800][INFO ][node                     ] [Miguel O'Hara] closing ...
[2014-11-04 03:46:39,810][INFO ][node                     ] [Miguel O'Hara] closed
[2014-11-04 03:50:35,151][INFO ][node                     ] [Lady Lotus] version[1.3.4], pid[31494], build[a70f3cc/2014-09-30T09:07:17Z]
[2014-11-04 03:50:35,151][INFO ][node                     ] [Lady Lotus] initializing ...
[2014-11-04 03:50:35,154][INFO ][plugins                  ] [Lady Lotus] loaded [], sites []
[2014-11-04 03:50:37,081][INFO ][node                     ] [Lady Lotus] initialized
[2014-11-04 03:50:37,081][INFO ][node                     ] [Lady Lotus] starting ...
[2014-11-04 03:50:37,151][INFO ][transport                ] [Lady Lotus] bound_address {inet[/0:0:0:0:0:0:0:0:9300]}, publish_address {inet[/192.168.1.123:9300]}
[2014-11-04 03:50:37,161][INFO ][discovery                ] [Lady Lotus] elasticsearch/80IJljPgQ0uq4egso_suUA
[2014-11-04 03:50:40,169][INFO ][cluster.service          ] [Lady Lotus] new_master [Lady Lotus][80IJljPgQ0uq4egso_suUA][marino-TMS][inet[/192.168.1.123:9300]], reason: zen-disco-join (elected_as_master)
[2014-11-04 03:50:40,190][INFO ][http                     ] [Lady Lotus] bound_address {inet[/0:0:0:0:0:0:0:0:9200]}, publish_address {inet[/192.168.1.123:9200]}
[2014-11-04 03:50:40,191][INFO ][node                     ] [Lady Lotus] started
[2014-11-04 03:50:40,633][INFO ][gateway                  ] [Lady Lotus] recovered [2] indices into cluster_state
